Performing C SOURCE FILE Test CMAKE_HAVE_LIBC_PTHREAD failed with the following output:
Change Dir: /home/aleksandr/Рабочий стол/1233/OverflowProject/lib/Parser/cmake-build-debug/CMakeFiles/CMakeTmp

Run Build Command(s):/snap/clion/175/bin/ninja/linux/ninja cmTC_74afa && [1/2] Building C object CMakeFiles/cmTC_74afa.dir/src.c.o
[2/2] Linking C executable cmTC_74afa
FAILED: cmTC_74afa 
: && /usr/bin/cc   CMakeFiles/cmTC_74afa.dir/src.c.o -o cmTC_74afa   && :
/usr/bin/ld: CMakeFiles/cmTC_74afa.dir/src.c.o: в функции «main»:
src.c:(.text+0x46): неопределённая ссылка на «pthread_create»
/usr/bin/ld: src.c:(.text+0x52): неопределённая ссылка на «pthread_detach»
/usr/bin/ld: src.c:(.text+0x5e): неопределённая ссылка на «pthread_cancel»
/usr/bin/ld: src.c:(.text+0x6f): неопределённая ссылка на «pthread_join»
collect2: error: ld returned 1 exit status
ninja: build stopped: subcommand failed.


Source file was:
#include <pthread.h>

static void* test_func(void* data)
{
  return data;
}

int main(void)
{
  pthread_t thread;
  pthread_create(&thread, NULL, test_func, NULL);
  pthread_detach(thread);
  pthread_cancel(thread);
  pthread_join(thread, NULL);
  pthread_atfork(NULL, NULL, NULL);
  pthread_exit(NULL);

  return 0;
}

Determining if the function pthread_create exists in the pthreads failed with the following output:
Change Dir: /home/aleksandr/Рабочий стол/1233/OverflowProject/lib/Parser/cmake-build-debug/CMakeFiles/CMakeTmp

Run Build Command(s):/snap/clion/175/bin/ninja/linux/ninja cmTC_ed40b && [1/2] Building C object CMakeFiles/cmTC_ed40b.dir/CheckFunctionExists.c.o
[2/2] Linking C executable cmTC_ed40b
FAILED: cmTC_ed40b 
: && /usr/bin/cc -DCHECK_FUNCTION_EXISTS=pthread_create  CMakeFiles/cmTC_ed40b.dir/CheckFunctionExists.c.o -o cmTC_ed40b  -lpthreads && :
/usr/bin/ld: невозможно найти -lpthreads
collect2: error: ld returned 1 exit status
ninja: build stopped: subcommand failed.



